<?xml version="1.0" encoding="UTF-8"?>
<!-- Generated by org.testng.reporters.JUnitXMLReporter -->
<testsuite ignored="22" hostname="DESKTOP-JRS82G2" failures="1" tests="1" name="Default test" time="27.576" errors="0" timestamp="2024-06-11T16:54:06 IST">
  <testcase classname="com.sitenna.landlord.SitennaDashboard_FavoriteSiteTest" name="verifyAUserCanClearTheFilterFromMapByClearAllFilterLinkOnFilterModal" time="21.963">
    <failure type="org.openqa.selenium.NoSuchElementException" message="no such element: Unable to locate element: {&amp;quot;method&amp;quot;:&amp;quot;xpath&amp;quot;,&amp;quot;selector&amp;quot;:&amp;quot;//div[contains(text(), &amp;apos;Rooftop&amp;apos;)]&amp;quot;}
  (Session info: chrome=125.0.6422.142)
For documentation on this error, please visit: https://www.selenium.dev/documentation/webdriver/troubleshooting/errors#no-such-element-exception
Build info: version: &amp;apos;4.16.1&amp;apos;, revision: &amp;apos;9b4c83354e&amp;apos;
System info: os.name: &amp;apos;Windows 10&amp;apos;, os.arch: &amp;apos;amd64&amp;apos;, os.version: &amp;apos;10.0&amp;apos;, java.version: &amp;apos;17.0.10&amp;apos;
Driver info: org.openqa.selenium.chrome.ChromeDriver
Command: [1aaa95235ba79ae32e88490e9a90491e, findElement {using=xpath, value=//div[contains(text(), &amp;apos;Rooftop&amp;apos;)]}]
Capabilities {acceptInsecureCerts: false, browserName: chrome, browserVersion: 125.0.6422.142, chrome: {chromedriverVersion: 125.0.6422.141 (4b1e8393712..., userDataDir: C:\Users\Admin\AppData\Loca...}, fedcm:accounts: true, goog:chromeOptions: {debuggerAddress: localhost:55270}, networkConnectionEnabled: false, pageLoadStrategy: normal, platformName: windows, proxy: Proxy(), se:cdp: ws://localhost:55270/devtoo..., se:cdpVersion: 125.0.6422.142, setWindowRect: true, strictFileInteractability: false, timeouts: {implicit: 0, pageLoad: 300000, script: 30000}, unhandledPromptBehavior: dismiss and notify, webauthn:extension:credBlob: true, webauthn:extension:largeBlob: true, webauthn:extension:minPinLength: true, webauthn:extension:prf: true, webauthn:virtualAuthenticators: true}
Session ID: 1aaa95235ba79ae32e88490e9a90491e">
      <![CDATA[org.openqa.selenium.NoSuchElementException: no such element: Unable to locate element: {"method":"xpath","selector":"//div[contains(text(), 'Rooftop')]"}
  (Session info: chrome=125.0.6422.142)
For documentation on this error, please visit: https://www.selenium.dev/documentation/webdriver/troubleshooting/errors#no-such-element-exception
Build info: version: '4.16.1', revision: '9b4c83354e'
System info: os.name: 'Windows 10', os.arch: 'amd64', os.version: '10.0', java.version: '17.0.10'
Driver info: org.openqa.selenium.chrome.ChromeDriver
Command: [1aaa95235ba79ae32e88490e9a90491e, findElement {using=xpath, value=//div[contains(text(), 'Rooftop')]}]
Capabilities {acceptInsecureCerts: false, browserName: chrome, browserVersion: 125.0.6422.142, chrome: {chromedriverVersion: 125.0.6422.141 (4b1e8393712..., userDataDir: C:\Users\Admin\AppData\Loca...}, fedcm:accounts: true, goog:chromeOptions: {debuggerAddress: localhost:55270}, networkConnectionEnabled: false, pageLoadStrategy: normal, platformName: windows, proxy: Proxy(), se:cdp: ws://localhost:55270/devtoo..., se:cdpVersion: 125.0.6422.142, setWindowRect: true, strictFileInteractability: false, timeouts: {implicit: 0, pageLoad: 300000, script: 30000}, unhandledPromptBehavior: dismiss and notify, webauthn:extension:credBlob: true, webauthn:extension:largeBlob: true, webauthn:extension:minPinLength: true, webauthn:extension:prf: true, webauthn:virtualAuthenticators: true}
Session ID: 1aaa95235ba79ae32e88490e9a90491e
at java.base/jdk.internal.reflect.NativeConstructorAccessorImpl.newInstance0(Native Method)
at java.base/jdk.internal.reflect.NativeConstructorAccessorImpl.newInstance(NativeConstructorAccessorImpl.java:77)
at java.base/jdk.internal.reflect.DelegatingConstructorAccessorImpl.newInstance(DelegatingConstructorAccessorImpl.java:45)
at java.base/java.lang.reflect.Constructor.newInstanceWithCaller(Constructor.java:499)
at java.base/java.lang.reflect.Constructor.newInstance(Constructor.java:480)
at org.openqa.selenium.remote.codec.w3c.W3CHttpResponseCodec.createException(W3CHttpResponseCodec.java:200)
at org.openqa.selenium.remote.codec.w3c.W3CHttpResponseCodec.decode(W3CHttpResponseCodec.java:133)
at org.openqa.selenium.remote.codec.w3c.W3CHttpResponseCodec.decode(W3CHttpResponseCodec.java:52)
at org.openqa.selenium.remote.HttpCommandExecutor.execute(HttpCommandExecutor.java:191)
at org.openqa.selenium.remote.service.DriverCommandExecutor.invokeExecute(DriverCommandExecutor.java:200)
at org.openqa.selenium.remote.service.DriverCommandExecutor.execute(DriverCommandExecutor.java:175)
at org.openqa.selenium.remote.RemoteWebDriver.execute(RemoteWebDriver.java:523)
at org.openqa.selenium.remote.ElementLocation$ElementFinder$2.findElement(ElementLocation.java:165)
at org.openqa.selenium.remote.ElementLocation.findElement(ElementLocation.java:59)
at org.openqa.selenium.remote.RemoteWebDriver.findElement(RemoteWebDriver.java:360)
at org.openqa.selenium.remote.RemoteWebDriver.findElement(RemoteWebDriver.java:354)
at org.openqa.selenium.support.pagefactory.DefaultElementLocator.findElement(DefaultElementLocator.java:68)
at org.openqa.selenium.support.pagefactory.internal.LocatingElementHandler.invoke(LocatingElementHandler.java:38)
at jdk.proxy2/jdk.proxy2.$Proxy13.isEnabled(Unknown Source)
at com.sitenna.landlord.SitennaDashboard_FavoriteSiteTest.verifyAUserCanClearTheFilterFromMapByClearAllFilterLinkOnFilterModal(SitennaDashboard_FavoriteSiteTest.java:1352)
at java.base/jdk.internal.reflect.NativeMethodAccessorImpl.invoke0(Native Method)
at java.base/jdk.internal.reflect.NativeMethodAccessorImpl.invoke(NativeMethodAccessorImpl.java:77)
at java.base/jdk.internal.reflect.DelegatingMethodAccessorImpl.invoke(DelegatingMethodAccessorImpl.java:43)
at java.base/java.lang.reflect.Method.invoke(Method.java:568)
at org.testng.internal.MethodInvocationHelper.invokeMethod(MethodInvocationHelper.java:133)
at org.testng.internal.TestInvoker.invokeMethod(TestInvoker.java:598)
at org.testng.internal.TestInvoker.invokeTestMethod(TestInvoker.java:173)
at org.testng.internal.MethodRunner.runInSequence(MethodRunner.java:46)
at org.testng.internal.TestInvoker$MethodInvocationAgent.invoke(TestInvoker.java:824)
at org.testng.internal.TestInvoker.invokeTestMethods(TestInvoker.java:146)
at org.testng.internal.TestMethodWorker.invokeTestMethods(TestMethodWorker.java:146)
at org.testng.internal.TestMethodWorker.run(TestMethodWorker.java:128)
at java.base/java.util.ArrayList.forEach(ArrayList.java:1511)
at org.testng.TestRunner.privateRun(TestRunner.java:794)
at org.testng.TestRunner.run(TestRunner.java:596)
at org.testng.SuiteRunner.runTest(SuiteRunner.java:377)
at org.testng.SuiteRunner.runSequentially(SuiteRunner.java:371)
at org.testng.SuiteRunner.privateRun(SuiteRunner.java:332)
at org.testng.SuiteRunner.run(SuiteRunner.java:276)
at org.testng.SuiteRunnerWorker.runSuite(SuiteRunnerWorker.java:53)
at org.testng.SuiteRunnerWorker.run(SuiteRunnerWorker.java:96)
at org.testng.TestNG.runSuitesSequentially(TestNG.java:1212)
at org.testng.TestNG.runSuitesLocally(TestNG.java:1134)
at org.testng.TestNG.runSuites(TestNG.java:1063)
at org.testng.TestNG.run(TestNG.java:1031)
at org.testng.remote.AbstractRemoteTestNG.run(AbstractRemoteTestNG.java:115)
at org.testng.remote.RemoteTestNG.initAndRun(RemoteTestNG.java:251)
at org.testng.remote.RemoteTestNG.main(RemoteTestNG.java:77)
]]>
    </failure>
  </testcase> <!-- verifyAUserCanClearTheFilterFromMapByClearAllFilterLinkOnFilterModal -->
  <testcase classname="com.sitenna.landlord.SitennaDashboard_FavoriteSiteTest" name="verifyTheVisibilityOfFilterIcon_Dashboard_TC_11" time="0.0">
    <ignored/>
  </testcase> <!-- verifyTheVisibilityOfFilterIcon_Dashboard_TC_11 -->
  <testcase classname="com.sitenna.landlord.SitennaDashboard_FavoriteSiteTest" name="verifyIfUserAppliesTheGreenfieldAndStreetAssetParameterTogether_Dashboard_TC_19" time="0.0">
    <ignored/>
  </testcase> <!-- verifyIfUserAppliesTheGreenfieldAndStreetAssetParameterTogether_Dashboard_TC_19 -->
  <testcase classname="com.sitenna.landlord.SitennaDashboard_FavoriteSiteTest" name="verifyAUserCanCloseThefilterModalByCrossIcon" time="0.0">
    <ignored/>
  </testcase> <!-- verifyAUserCanCloseThefilterModalByCrossIcon -->
  <testcase classname="com.sitenna.landlord.SitennaDashboard_FavoriteSiteTest" name="verifyAUserCanSeeTheGreenFieldAndRoofTopSitesByGreenFieldAndRoofTopParametersappliedTogether_Dashboard_TC_18" time="0.0">
    <ignored/>
  </testcase> <!-- verifyAUserCanSeeTheGreenFieldAndRoofTopSitesByGreenFieldAndRoofTopParametersappliedTogether_Dashboard_TC_18 -->
  <testcase classname="com.sitenna.landlord.SitennaDashboard_FavoriteSiteTest" name="verifyAUserCanSeeTheRoofTopTypeSitesOnTheMapIfRoofTopSiteTypeCheckBoxIsApplied_Dashboard_TC_14" time="0.0">
    <ignored/>
  </testcase> <!-- verifyAUserCanSeeTheRoofTopTypeSitesOnTheMapIfRoofTopSiteTypeCheckBoxIsApplied_Dashboard_TC_14 -->
  <testcase classname="com.sitenna.landlord.SitennaDashboard_FavoriteSiteTest" name="verifyIfUserMakesASiteUnfavoriteFromTheManageSiteThenTheSameSiteCardIsRemovedFromTheDashboard_Dashboard_TC_09" time="0.0">
    <ignored/>
  </testcase> <!-- verifyIfUserMakesASiteUnfavoriteFromTheManageSiteThenTheSameSiteCardIsRemovedFromTheDashboard_Dashboard_TC_09 -->
  <testcase classname="com.sitenna.landlord.SitennaDashboard_FavoriteSiteTest" name="verifyTheMarkedFavoriteSiteFromManageSiteIsAddedInTheFavoriteList_Dashboard_TC_08" time="0.0">
    <ignored/>
  </testcase> <!-- verifyTheMarkedFavoriteSiteFromManageSiteIsAddedInTheFavoriteList_Dashboard_TC_08 -->
  <testcase classname="com.sitenna.landlord.SitennaDashboard_FavoriteSiteTest" name="verifyTheUserCanSearchTheFavoriteSiteNameFromTheFavoriteSiteCardList_Dashboard_TC_10" time="0.0">
    <ignored/>
  </testcase> <!-- verifyTheUserCanSearchTheFavoriteSiteNameFromTheFavoriteSiteCardList_Dashboard_TC_10 -->
  <testcase classname="com.sitenna.landlord.SitennaDashboard_FavoriteSiteTest" name="verifyTheSiteMarkedFavoriteFromDashboardShouldBeDisplayedInTheFavoriteList_Dashbord_TC_03" time="0.0">
    <ignored/>
  </testcase> <!-- verifyTheSiteMarkedFavoriteFromDashboardShouldBeDisplayedInTheFavoriteList_Dashbord_TC_03 -->
  <testcase classname="com.sitenna.landlord.SitennaDashboard_FavoriteSiteTest" name="verifyIfUserClicksAgainOnFavoriteIconThenThatSiteShouldBeRemovedFromFavoriteList_Dashboard_TC_06" time="0.0">
    <ignored/>
  </testcase> <!-- verifyIfUserClicksAgainOnFavoriteIconThenThatSiteShouldBeRemovedFromFavoriteList_Dashboard_TC_06 -->
  <testcase classname="com.sitenna.landlord.SitennaDashboard_FavoriteSiteTest" name="verifyIfUserMakesAsiteUnfavoriteFromDashboardThenTheSameSiteIsShownAsUnfavoriteInManageSite_Dashboard_TC_07" time="0.0">
    <ignored/>
  </testcase> <!-- verifyIfUserMakesAsiteUnfavoriteFromDashboardThenTheSameSiteIsShownAsUnfavoriteInManageSite_Dashboard_TC_07 -->
  <testcase classname="com.sitenna.landlord.SitennaDashboard_FavoriteSiteTest" name="verifyAUserCanCloseTheFilterModalByCrossIconWithoutRemovingTheCheckBoxes" time="0.0">
    <ignored/>
  </testcase> <!-- verifyAUserCanCloseTheFilterModalByCrossIconWithoutRemovingTheCheckBoxes -->
  <testcase classname="com.sitenna.landlord.SitennaDashboard_FavoriteSiteTest" name="verifyAUserCanClearTheFilterFromMapByParameterCrossIcon" time="0.0">
    <ignored/>
  </testcase> <!-- verifyAUserCanClearTheFilterFromMapByParameterCrossIcon -->
  <testcase classname="com.sitenna.landlord.SitennaDashboard_FavoriteSiteTest" name="verifyTheVisibilityOfFavoritesIcon_Dashboard_TC_01" time="0.0">
    <ignored/>
  </testcase> <!-- verifyTheVisibilityOfFavoritesIcon_Dashboard_TC_01 -->
  <testcase classname="com.sitenna.landlord.SitennaDashboard_FavoriteSiteTest" name="verifyIfUserAppliesTheGreenFieldRoofTopAndStreetAssetParameterTogether_Dashboard_TC_21" time="0.0">
    <ignored/>
  </testcase> <!-- verifyIfUserAppliesTheGreenFieldRoofTopAndStreetAssetParameterTogether_Dashboard_TC_21 -->
  <testcase classname="com.sitenna.landlord.SitennaDashboard_FavoriteSiteTest" name="verifyTheFavoriteSiteCardList_Dashboard_TC_05" time="0.0">
    <ignored/>
  </testcase> <!-- verifyTheFavoriteSiteCardList_Dashboard_TC_05 -->
  <testcase classname="com.sitenna.landlord.SitennaDashboard_FavoriteSiteTest" name="verifyTheSiteMarkedFavoriteFromDashboardShouldBeDisplayedInManageSiteDetaiWithFavoriteYellowStarIcon_Dashboad_TC_04" time="0.0">
    <ignored/>
  </testcase> <!-- verifyTheSiteMarkedFavoriteFromDashboardShouldBeDisplayedInManageSiteDetaiWithFavoriteYellowStarIcon_Dashboad_TC_04 -->
  <testcase classname="com.sitenna.landlord.SitennaDashboard_FavoriteSiteTest" name="verifyaUserCanOpenAndCloseTheFavoritesModal_Dashboard_TC_02" time="0.0">
    <ignored/>
  </testcase> <!-- verifyaUserCanOpenAndCloseTheFavoritesModal_Dashboard_TC_02 -->
  <testcase classname="com.sitenna.landlord.SitennaDashboard_FavoriteSiteTest" name="verifyAUserCanSeeTheStreetAssetTypeSitesOnTheMapIfStreetAssetSiteTypeCheckBoxIsApplied_Dashboard_TC_15" time="0.0">
    <ignored/>
  </testcase> <!-- verifyAUserCanSeeTheStreetAssetTypeSitesOnTheMapIfStreetAssetSiteTypeCheckBoxIsApplied_Dashboard_TC_15 -->
  <testcase classname="com.sitenna.landlord.SitennaDashboard_FavoriteSiteTest" name="verifyAUserCanSeeTheGreenFieldTypeSitesOnTheMapIfGreengieldSiteTypeCheckBoxIsApplied_Dashboard_TC_13" time="0.0">
    <ignored/>
  </testcase> <!-- verifyAUserCanSeeTheGreenFieldTypeSitesOnTheMapIfGreengieldSiteTypeCheckBoxIsApplied_Dashboard_TC_13 -->
  <testcase classname="com.sitenna.landlord.SitennaDashboard_FavoriteSiteTest" name="verifyIfUserClicksOnFilterIconThenFilterModalIsOpened_Dashboard_TC_12" time="0.0">
    <ignored/>
  </testcase> <!-- verifyIfUserClicksOnFilterIconThenFilterModalIsOpened_Dashboard_TC_12 -->
  <testcase classname="com.sitenna.landlord.SitennaDashboard_FavoriteSiteTest" name="verifyIfUserAppliesTheRoofTopAndStreetAssetParameterTogether_Dashboard_TC_20" time="0.0">
    <ignored/>
  </testcase> <!-- verifyIfUserAppliesTheRoofTopAndStreetAssetParameterTogether_Dashboard_TC_20 -->
</testsuite> <!-- Default test -->
